# JRE version: 7.0_10-b18
# Java VM: Java HotSpot(TM) 64-Bit Server VM (23.6-b04 mixed mode windows-amd64 compressed oops)
Heap
 PSYoungGen      total 69952K, used 20061K [0x00000000eaab0000, 0x00000000ef430000, 0x0000000100000000)
  eden space 64640K, 22% used [0x00000000eaab0000,0x00000000eb91cf58,0x00000000ee9d0000)
  from space 5312K, 99% used [0x00000000eef00000,0x00000000ef42a658,0x00000000ef430000)
  to   space 5312K, 0% used [0x00000000ee9d0000,0x00000000ee9d0000,0x00000000eef00000)
 ParOldGen       total 85952K, used 16350K [0x00000000c0000000, 0x00000000c53f0000, 0x00000000eaab0000)
  object space 85952K, 19% used [0x00000000c0000000,0x00000000c0ff7920,0x00000000c53f0000)
 PSPermGen       total 21248K, used 6073K [0x00000000bae00000, 0x00000000bc2c0000, 0x00000000c0000000)
  object space 21248K, 28% used [0x00000000bae00000,0x00000000bb3ee628,0x00000000bc2c0000)
GC Heap History (8 events):
Event: 6.437 GC heap before
{Heap before GC invocations=1 (full 0):
 PSYoungGen      total 37632K, used 32320K [0x00000000eaab0000, 0x00000000ed4a0000, 0x0000000100000000)
  eden space 32320K, 100% used [0x00000000eaab0000,0x00000000eca40000,0x00000000eca40000)
  from space 5312K, 0% used [0x00000000ecf70000,0x00000000ecf70000,0x00000000ed4a0000)
  to   space 5312K, 0% used [0x00000000eca40000,0x00000000eca40000,0x00000000ecf70000)
 ParOldGen       total 85952K, used 0K [0x00000000c0000000, 0x00000000c53f0000, 0x00000000eaab0000)
  object space 85952K, 0% used [0x00000000c0000000,0x00000000c0000000,0x00000000c53f0000)
 PSPermGen       total 21248K, used 5889K [0x00000000bae00000, 0x00000000bc2c0000, 0x00000000c0000000)
  object space 21248K, 27% used [0x00000000bae00000,0x00000000bb3c0520,0x00000000bc2c0000)
Event: 6.447 GC heap after
Heap after GC invocations=1 (full 0):
 PSYoungGen      total 37632K, used 5300K [0x00000000eaab0000, 0x00000000ed4a0000, 0x0000000100000000)
  eden space 32320K, 0% used [0x00000000eaab0000,0x00000000eaab0000,0x00000000eca40000)
  from space 5312K, 99% used [0x00000000eca40000,0x00000000ecf6d288,0x00000000ecf70000)
  to   space 5312K, 0% used [0x00000000ecf70000,0x00000000ecf70000,0x00000000ed4a0000)
 ParOldGen       total 85952K, used 1597K [0x00000000c0000000, 0x00000000c53f0000, 0x00000000eaab0000)
  object space 85952K, 1% used [0x00000000c0000000,0x00000000c018f4c8,0x00000000c53f0000)
 PSPermGen       total 21248K, used 5889K [0x00000000bae00000, 0x00000000bc2c0000, 0x00000000c0000000)
  object space 21248K, 27% used [0x00000000bae00000,0x00000000bb3c0520,0x00000000bc2c0000)
}
Event: 8.470 GC heap before
{Heap before GC invocations=2 (full 0):
 PSYoungGen      total 37632K, used 37620K [0x00000000eaab0000, 0x00000000ed4a0000, 0x0000000100000000)
  eden space 32320K, 100% used [0x00000000eaab0000,0x00000000eca40000,0x00000000eca40000)
  from space 5312K, 99% used [0x00000000eca40000,0x00000000ecf6d288,0x00000000ecf70000)
  to   space 5312K, 0% used [0x00000000ecf70000,0x00000000ecf70000,0x00000000ed4a0000)
 ParOldGen       total 85952K, used 1597K [0x00000000c0000000, 0x00000000c53f0000, 0x00000000eaab0000)
  object space 85952K, 1% used [0x00000000c0000000,0x00000000c018f4c8,0x00000000c53f0000)
 PSPermGen       total 21248K, used 5994K [0x00000000bae00000, 0x00000000bc2c0000, 0x00000000c0000000)
  object space 21248K, 28% used [0x00000000bae00000,0x00000000bb3dabe0,0x00000000bc2c0000)
Event: 8.481 GC heap after
Heap after GC invocations=2 (full 0):
 PSYoungGen      total 37632K, used 5288K [0x00000000eaab0000, 0x00000000ed4a0000, 0x0000000100000000)
  eden space 32320K, 0% used [0x00000000eaab0000,0x00000000eaab0000,0x00000000eca40000)
  from space 5312K, 99% used [0x00000000ecf70000,0x00000000ed49a0c8,0x00000000ed4a0000)
  to   space 5312K, 0% used [0x00000000eca40000,0x00000000eca40000,0x00000000ecf70000)
 ParOldGen       total 85952K, used 6269K [0x00000000c0000000, 0x00000000c53f0000, 0x00000000eaab0000)
  object space 85952K, 7% used [0x00000000c0000000,0x00000000c061f760,0x00000000c53f0000)
 PSPermGen       total 21248K, used 5994K [0x00000000bae00000, 0x00000000bc2c0000, 0x00000000c0000000)
  object space 21248K, 28% used [0x00000000bae00000,0x00000000bb3dabe0,0x00000000bc2c0000)
}
Event: 9.182 GC heap before
{Heap before GC invocations=3 (full 0):
 PSYoungGen      total 37632K, used 37608K [0x00000000eaab0000, 0x00000000ed4a0000, 0x0000000100000000)
  eden space 32320K, 100% used [0x00000000eaab0000,0x00000000eca40000,0x00000000eca40000)
  from space 5312K, 99% used [0x00000000ecf70000,0x00000000ed49a0c8,0x00000000ed4a0000)
  to   space 5312K, 0% used [0x00000000eca40000,0x00000000eca40000,0x00000000ecf70000)
 ParOldGen       total 85952K, used 6269K [0x00000000c0000000, 0x00000000c53f0000, 0x00000000eaab0000)
  object space 85952K, 7% used [0x00000000c0000000,0x00000000c061f760,0x00000000c53f0000)
 PSPermGen       total 21248K, used 6037K [0x00000000bae00000, 0x00000000bc2c0000, 0x00000000c0000000)
  object space 21248K, 28% used [0x00000000bae00000,0x00000000bb3e5478,0x00000000bc2c0000)
Event: 9.223 GC heap after
Heap after GC invocations=3 (full 0):
 PSYoungGen      total 37632K, used 5304K [0x00000000eaab0000, 0x00000000ef430000, 0x0000000100000000)
  eden space 32320K, 0% used [0x00000000eaab0000,0x00000000eaab0000,0x00000000eca40000)
  from space 5312K, 99% used [0x00000000eca40000,0x00000000ecf6e028,0x00000000ecf70000)
  to   space 5312K, 0% used [0x00000000eef00000,0x00000000eef00000,0x00000000ef430000)
 ParOldGen       total 85952K, used 11399K [0x00000000c0000000, 0x00000000c53f0000, 0x00000000eaab0000)
  object space 85952K, 13% used [0x00000000c0000000,0x00000000c0b21da0,0x00000000c53f0000)
 PSPermGen       total 21248K, used 6037K [0x00000000bae00000, 0x00000000bc2c0000, 0x00000000c0000000)
  object space 21248K, 28% used [0x00000000bae00000,0x00000000bb3e5478,0x00000000bc2c0000)
}
Event: 9.635 GC heap before
{Heap before GC invocations=4 (full 0):
 PSYoungGen      total 37632K, used 37624K [0x00000000eaab0000, 0x00000000ef430000, 0x0000000100000000)
  eden space 32320K, 100% used [0x00000000eaab0000,0x00000000eca40000,0x00000000eca40000)
  from space 5312K, 99% used [0x00000000eca40000,0x00000000ecf6e028,0x00000000ecf70000)
  to   space 5312K, 0% used [0x00000000eef00000,0x00000000eef00000,0x00000000ef430000)
 ParOldGen       total 85952K, used 11399K [0x00000000c0000000, 0x00000000c53f0000, 0x00000000eaab0000)
  object space 85952K, 13% used [0x00000000c0000000,0x00000000c0b21da0,0x00000000c53f0000)
 PSPermGen       total 21248K, used 6062K [0x00000000bae00000, 0x00000000bc2c0000, 0x00000000c0000000)
  object space 21248K, 28% used [0x00000000bae00000,0x00000000bb3ebb50,0x00000000bc2c0000)
Event: 9.761 GC heap after
Heap after GC invocations=4 (full 0):
 PSYoungGen      total 69952K, used 5289K [0x00000000eaab0000, 0x00000000ef430000, 0x0000000100000000)
  eden space 64640K, 0% used [0x00000000eaab0000,0x00000000eaab0000,0x00000000ee9d0000)
  from space 5312K, 99% used [0x00000000eef00000,0x00000000ef42a658,0x00000000ef430000)
  to   space 5312K, 0% used [0x00000000ee9d0000,0x00000000ee9d0000,0x00000000eef00000)
 ParOldGen       total 85952K, used 16350K [0x00000000c0000000, 0x00000000c53f0000, 0x00000000eaab0000)
  object space 85952K, 19% used [0x00000000c0000000,0x00000000c0ff7920,0x00000000c53f0000)
 PSPermGen       total 21248K, used 6062K [0x00000000bae00000, 0x00000000bc2c0000, 0x00000000c0000000)
  object space 21248K, 28% used [0x00000000bae00000,0x00000000bb3ebb50,0x00000000bc2c0000)
}

